Emptying app dir 'build'
Downloading sources
Initializing build dir
Committing stage init to cache
Starting build of io.atom.Atom
========================================================================
Building module libsecret in /home/thomascoldrick/Documents/flatpaks/io.atom.Atom/.flatpak-builder/build/libsecret-1
========================================================================
checking for a BSD-compatible install... /usr/bin/install -c
checking whether build environment is sane... yes
checking for a thread-safe mkdir -p... /usr/bin/mkdir -p
checking for gawk... gawk
checking whether make sets $(MAKE)... yes
checking whether make supports nested variables... yes
checking whether UID '1001' is supported by ustar format... yes
checking whether GID '1001' is supported by ustar format... yes
checking how to create a ustar tar archive... gnutar
checking whether build environment is sane... yes
checking whether make supports nested variables... (cached) yes
checking whether to enable maintainer-specific portions of Makefiles... yes
checking for style of include used by make... GNU
checking for gcc... gcc
checking whether the C compiler works... yes
checking for C compiler default output file name... a.out
checking for suffix of executables... 
checking whether we are cross compiling... no
checking for suffix of object files... o
checking whether we are using the GNU C compiler... yes
checking whether gcc accepts -g... yes
checking for gcc option to accept ISO C89... none needed
checking whether gcc understands -c and -o together... yes
checking dependency style of gcc... gcc3
checking how to run the C preprocessor... gcc -E
checking for grep that handles long lines and -e... /usr/bin/grep
checking for egrep... /usr/bin/grep -E
checking for ANSI C header files... yes
checking for sys/types.h... yes
checking for sys/stat.h... yes
checking for stdlib.h... yes
checking for string.h... yes
checking for memory.h... yes
checking for strings.h... yes
checking for inttypes.h... yes
checking for stdint.h... yes
checking for unistd.h... yes
checking minix/config.h usability... no
checking minix/config.h presence... no
checking for minix/config.h... no
checking whether it is safe to define __EXTENSIONS__... yes
checking for library containing strerror... none required
checking for gcc... (cached) gcc
checking whether we are using the GNU C compiler... (cached) yes
checking whether gcc accepts -g... (cached) yes
checking for gcc option to accept ISO C89... (cached) none needed
checking whether gcc understands -c and -o together... (cached) yes
checking dependency style of gcc... (cached) gcc3
checking how to run the C preprocessor... gcc -E
checking whether ln -s works... yes
checking whether make sets $(MAKE)... (cached) yes
checking build system type... x86_64-unknown-linux-gnu
checking host system type... x86_64-unknown-linux-gnu
checking how to print strings... printf
checking for a sed that does not truncate output... /usr/bin/sed
checking for fgrep... /usr/bin/grep -F
checking for ld used by gcc... /usr/x86_64-unknown-linux-gnu/bin/ld
checking if the linker (/usr/x86_64-unknown-linux-gnu/bin/ld) is GNU ld... yes
checking for BSD- or MS-compatible name lister (nm)... /usr/bin/nm -B
checking the name lister (/usr/bin/nm -B) interface... BSD nm
checking the maximum length of command line arguments... 1572864
checking how to convert x86_64-unknown-linux-gnu file names to x86_64-unknown-linux-gnu format... func_convert_file_noop
checking how to convert x86_64-unknown-linux-gnu file names to toolchain format... func_convert_file_noop
checking for /usr/x86_64-unknown-linux-gnu/bin/ld option to reload object files... -r
checking for objdump... objdump
checking how to recognize dependent libraries... pass_all
checking for dlltool... no
checking how to associate runtime and link libraries... printf %s\n
checking for ar... ar
checking for archiver @FILE support... @
checking for strip... strip
checking for ranlib... ranlib
checking command to parse /usr/bin/nm -B output from gcc object... ok
checking for sysroot... no
checking for a working dd... /usr/bin/dd
checking how to truncate binary pipes... /usr/bin/dd bs=4096 count=1
checking for mt... no
checking if : is a manifest tool... no
checking for dlfcn.h... yes
checking for objdir... .libs
checking if gcc supports -fno-rtti -fno-exceptions... no
checking for gcc option to produce PIC... -fPIC -DPIC
checking if gcc PIC flag -fPIC -DPIC works... yes
checking if gcc static flag -static works... yes
checking if gcc supports -c -o file.o... yes
checking if gcc supports -c -o file.o... (cached) yes
checking whether the gcc linker (/usr/x86_64-unknown-linux-gnu/bin/ld -m elf_x86_64) supports shared libraries... yes
checking whether -lc should be explicitly linked in... no
checking dynamic linker characteristics... GNU/Linux ld.so
checking how to hardcode library paths into programs... immediate
checking whether stripping libraries is possible... yes
checking if libtool supports shared libraries... yes
checking whether to build shared libraries... yes
checking whether to build static libraries... no
checking whether NLS is requested... yes
checking for intltool >= 0.35.0... 0.51.0 found
checking for intltool-update... /usr/bin/intltool-update
checking for intltool-merge... /usr/bin/intltool-merge
checking for intltool-extract... /usr/bin/intltool-extract
checking for xgettext... /usr/bin/xgettext
checking for msgmerge... /usr/bin/msgmerge
checking for msgfmt... /usr/bin/msgfmt
checking for gmsgfmt... /usr/bin/msgfmt
checking for perl... /usr/bin/perl
checking for perl >= 5.8.1... 5.28.0
checking for XML::Parser... ok
checking for pkg-config... /usr/bin/pkg-config
checking locale.h usability... yes
checking locale.h presence... yes
checking for locale.h... yes
checking for LC_MESSAGES... yes
checking for CFPreferencesCopyAppValue... no
checking for CFLocaleCopyCurrent... no
checking libintl.h usability... yes
checking libintl.h presence... yes
checking for libintl.h... yes
checking for ngettext in libc... yes
checking for dgettext in libc... yes
checking for bind_textdomain_codeset... yes
checking for msgfmt... (cached) /usr/bin/msgfmt
checking for dcgettext... yes
checking if msgfmt accepts -c... yes
checking for gmsgfmt... (cached) /usr/bin/msgfmt
checking for xgettext... (cached) /usr/bin/xgettext
checking for mlock... yes
checking pkg-config is at least version 0.9.0... yes
checking for GLIB... yes
checking for gtk-doc... yes
checking for gtkdoc-check... gtkdoc-check.test
checking for gtkdoc-check... /usr/bin/gtkdoc-check
checking for gtkdoc-rebase... /usr/bin/gtkdoc-rebase
checking for gtkdoc-mkpdf... /usr/bin/gtkdoc-mkpdf
checking whether to build gtk-doc documentation... no
checking for GTKDOC_DEPS... yes
checking for gobject-introspection... no (disabled, use --enable-introspection to enable)
checking for glib-mkenums... /usr/bin/glib-mkenums
checking pkg-config is at least version 0.9.0... yes
checking for vapigen... no
checking for libgcrypt-config... /usr/bin/libgcrypt-config
checking for LIBGCRYPT - version >= 1.2.2... yes (1.8.3)
checking LIBGCRYPT API version... okay
checking whether gcc understands -Wmissing-include-dirs... yes
checking whether gcc understands -Wundef... yes
checking build strict... no
checking for debug mode... default
checking whether to build with gcov testing... no
checking that generated files are newer than configure... done
checking that generated files are newer than configure... done
configure: creating ./config.status
config.status: creating Makefile
config.status: creating docs/reference/libsecret/Makefile
config.status: creating docs/reference/libsecret/version.xml
config.status: creating po/Makefile.in
config.status: creating po/Makefile
config.status: creating libsecret/libsecret.pc
config.status: creating libsecret/libsecret-unstable.pc
config.status: creating config.h
config.status: executing depfiles commands
config.status: executing libtool commands
config.status: executing default-1 commands
config.status: executing po/stamp-it commands

CFLAGS: -O2 -g -fstack-protector-strong -I/usr/include/glib-2.0 -I/usr/lib/x86_64-linux-gnu/glib-2.0/include -I/usr/include/gio-unix-2.0/ -pthread  -DGLIB_VERSION_MIN_REQUIRED=GLIB_VERSION_2_38 -DGLIB_VERSION_MAX_ALLOWED=GLIB_VERSION_2_38 		-Wall -Wmissing-declarations 		-Wmissing-prototypes -Wnested-externs -Wpointer-arith 		-Wdeclaration-after-statement -Wformat=2 -Winit-self 		-Waggregate-return -Wmissing-include-dirs -Wundef -Wno-error -g

OPTIONS:
  libgcrypt:     yes
  vala:          no
  Debug:         default
  Coverage:      no
  Manual Page:   no

  GEN      temp-dbus-generated.c
  GEN      secret-dbus-generated.h
  GEN      secret-dbus-generated.c
make  all-recursive
make[1]: Entering directory '/run/build/libsecret'
Making all in .
make[2]: Entering directory '/run/build/libsecret'
  CC       libsecret_1_la-secret-dbus-generated.lo
  GEN      libsecret-1.pc
  CC       libsecret/libsecret_1_la-secret-attributes.lo
  CC       libsecret/libsecret_1_la-secret-collection.lo
  CC       libsecret/libsecret_1_la-secret-item.lo
  CC       libsecret/libsecret_1_la-secret-methods.lo
  CC       libsecret/libsecret_1_la-secret-password.lo
  CC       libsecret/libsecret_1_la-secret-prompt.lo
  CC       libsecret/libsecret_1_la-secret-schema.lo
  CC       libsecret/libsecret_1_la-secret-schemas.lo
  CC       libsecret/libsecret_1_la-secret-service.lo
  CC       libsecret/libsecret_1_la-secret-value.lo
  CC       libsecret/libsecret_1_la-secret-paths.lo
  CC       libsecret/libsecret_1_la-secret-session.lo
  CC       libsecret/libsecret_1_la-secret-util.lo
  CC       libsecret/libsecret_1_la-secret-enum-types.lo
  CC       egg/egg-hex.lo
  CC       egg/egg-secure-memory.lo
  CC       egg/egg-testing.lo
  CC       egg/egg-dh.lo
  CC       egg/egg-hkdf.lo
  CC       egg/egg-libgcrypt.lo
  CC       libsecret/mock-service.lo
  CC       tool/secret-tool.o
tool/secret-tool.c: In function ‘write_password_stdout’:
tool/secret-tool.c:191:3: warning: ignoring return value of ‘write’, declared with attribute warn_unused_result [-Wunused-result]
   write (1, "\n", 1);
   ^~~~~~~~~~~~~~~~~~
  CCLD     libegg.la
  CCLD     libmock_service.la
ar: `u' modifier ignored since `D' is the default (see `U')
  CCLD     libsecret-1.la
  CCLD     libsecret-testable.la
  CCLD     secret-tool
make[2]: Leaving directory '/run/build/libsecret'
Making all in po
make[2]: Entering directory '/run/build/libsecret/po'
  MSGFMT an.gmo
  MSGFMT ar.gmo
  MSGFMT be.gmo
  MSGFMT as.gmo
  MSGFMT bs.gmo
  MSGFMT cs.gmo
  MSGFMT ca.gmo
  MSGFMT ca@valencia.gmo
  MSGFMT da.gmo
  MSGFMT de.gmo
  MSGFMT el.gmo
  MSGFMT eo.gmo
  MSGFMT es.gmo
  MSGFMT eu.gmo
  MSGFMT fa.gmo
  MSGFMT fr.gmo
  MSGFMT gl.gmo
  MSGFMT he.gmo
  MSGFMT fur.gmo
  MSGFMT hu.gmo
  MSGFMT id.gmo
  MSGFMT it.gmo
  MSGFMT ja.gmo
  MSGFMT kk.gmo
  MSGFMT lt.gmo
  MSGFMT ko.gmo
  MSGFMT lv.gmo
  MSGFMT ml.gmo
  MSGFMT nb.gmo
  MSGFMT nl.gmo
  MSGFMT pa.gmo
  MSGFMT pl.gmo
  MSGFMT oc.gmo
  MSGFMT pt.gmo
  MSGFMT pt_BR.gmo
  MSGFMT ro.gmo
  MSGFMT ru.gmo
  MSGFMT sk.gmo
  MSGFMT sl.gmo
  MSGFMT sr.gmo
  MSGFMT sr@latin.gmo
  MSGFMT sv.gmo
  MSGFMT tg.gmo
  MSGFMT tr.gmo
  MSGFMT uk.gmo
  MSGFMT zh_HK.gmo
  MSGFMT zh_CN.gmo
  MSGFMT zh_TW.gmo
make[2]: Leaving directory '/run/build/libsecret/po'
Making all in docs/reference/libsecret
make[2]: Entering directory '/run/build/libsecret/docs/reference/libsecret'
make[2]: Nothing to be done for 'all'.
make[2]: Leaving directory '/run/build/libsecret/docs/reference/libsecret'
make[1]: Leaving directory '/run/build/libsecret'
make  install-recursive
make[1]: Entering directory '/run/build/libsecret'
Making install in .
make[2]: Entering directory '/run/build/libsecret'
make[3]: Entering directory '/run/build/libsecret'
 /usr/bin/mkdir -p '/app/lib'
 /bin/sh ./libtool   --mode=install /usr/bin/install -c   libsecret-1.la '/app/lib'
libtool: install: /usr/bin/install -c .libs/libsecret-1.so.0.0.0 /app/lib/libsecret-1.so.0.0.0
libtool: install: (cd /app/lib && { ln -s -f libsecret-1.so.0.0.0 libsecret-1.so.0 || { rm -f libsecret-1.so.0 && ln -s libsecret-1.so.0.0.0 libsecret-1.so.0; }; })
libtool: install: (cd /app/lib && { ln -s -f libsecret-1.so.0.0.0 libsecret-1.so || { rm -f libsecret-1.so && ln -s libsecret-1.so.0.0.0 libsecret-1.so; }; })
libtool: install: /usr/bin/install -c .libs/libsecret-1.lai /app/lib/libsecret-1.la
libtool: finish: PATH="/app/bin:/usr/bin:/sbin" ldconfig -n /app/lib
----------------------------------------------------------------------
Libraries have been installed in:
   /app/lib

If you ever happen to want to link against installed libraries
in a given directory, LIBDIR, you must either use libtool, and
specify the full pathname of the library, or use the '-LLIBDIR'
flag during linking and do at least one of the following:
   - add LIBDIR to the 'LD_LIBRARY_PATH' environment variable
     during execution
   - add LIBDIR to the 'LD_RUN_PATH' environment variable
     during linking
   - use the '-Wl,-rpath -Wl,LIBDIR' linker flag

See any operating system documentation about shared libraries for
more information, such as the ld(1) and ld.so(8) manual pages.
----------------------------------------------------------------------
 /usr/bin/mkdir -p '/app/bin'
  /bin/sh ./libtool   --mode=install /usr/bin/install -c secret-tool '/app/bin'
libtool: install: /usr/bin/install -c .libs/secret-tool /app/bin/secret-tool
 /usr/bin/mkdir -p '/app/include/libsecret-1/libsecret'
 /usr/bin/install -c -m 644 libsecret/secret.h libsecret/secret-attributes.h libsecret/secret-collection.h libsecret/secret-item.h libsecret/secret-password.h libsecret/secret-paths.h libsecret/secret-prompt.h libsecret/secret-schema.h libsecret/secret-schemas.h libsecret/secret-service.h libsecret/secret-types.h libsecret/secret-value.h libsecret/secret-enum-types.h '/app/include/libsecret-1/libsecret'
 /usr/bin/mkdir -p '/app/lib/pkgconfig'
 /usr/bin/install -c -m 644 libsecret-1.pc libsecret/libsecret-unstable.pc '/app/lib/pkgconfig'
make[3]: Leaving directory '/run/build/libsecret'
make[2]: Leaving directory '/run/build/libsecret'
Making install in po
make[2]: Entering directory '/run/build/libsecret/po'
linguas="an ar as be bs ca ca@valencia cs da de el eo es eu fa fr fur gl he hu id it ja kk ko lt lv ml nb nl oc pa pl pt pt_BR ro ru sk sl sr sr@latin sv tg tr uk zh_CN zh_HK zh_TW "; \
for lang in $linguas; do \
  dir=/app/share/locale/$lang/LC_MESSAGES; \
  /bin/sh /run/build/libsecret/build/install-sh -d $dir; \
  if test -r $lang.gmo; then \
    /usr/bin/install -c -m 644 $lang.gmo $dir/libsecret.mo; \
    echo "installing $lang.gmo as $dir/libsecret.mo"; \
  else \
    /usr/bin/install -c -m 644 ./$lang.gmo $dir/libsecret.mo; \
    echo "installing ./$lang.gmo as" \
	 "$dir/libsecret.mo"; \
  fi; \
  if test -r $lang.gmo.m; then \
    /usr/bin/install -c -m 644 $lang.gmo.m $dir/libsecret.mo.m; \
    echo "installing $lang.gmo.m as $dir/libsecret.mo.m"; \
  else \
    if test -r ./$lang.gmo.m ; then \
      /usr/bin/install -c -m 644 ./$lang.gmo.m \
	$dir/libsecret.mo.m; \
      echo "installing ./$lang.gmo.m as" \
	   "$dir/libsecret.mo.m"; \
    else \
      true; \
    fi; \
  fi; \
done
installing an.gmo as /app/share/locale/an/LC_MESSAGES/libsecret.mo
installing ar.gmo as /app/share/locale/ar/LC_MESSAGES/libsecret.mo
installing as.gmo as /app/share/locale/as/LC_MESSAGES/libsecret.mo
installing be.gmo as /app/share/locale/be/LC_MESSAGES/libsecret.mo
installing bs.gmo as /app/share/locale/bs/LC_MESSAGES/libsecret.mo
installing ca.gmo as /app/share/locale/ca/LC_MESSAGES/libsecret.mo
installing ca@valencia.gmo as /app/share/locale/ca@valencia/LC_MESSAGES/libsecret.mo
installing cs.gmo as /app/share/locale/cs/LC_MESSAGES/libsecret.mo
installing da.gmo as /app/share/locale/da/LC_MESSAGES/libsecret.mo
installing de.gmo as /app/share/locale/de/LC_MESSAGES/libsecret.mo
installing el.gmo as /app/share/locale/el/LC_MESSAGES/libsecret.mo
installing eo.gmo as /app/share/locale/eo/LC_MESSAGES/libsecret.mo
installing es.gmo as /app/share/locale/es/LC_MESSAGES/libsecret.mo
installing eu.gmo as /app/share/locale/eu/LC_MESSAGES/libsecret.mo
installing fa.gmo as /app/share/locale/fa/LC_MESSAGES/libsecret.mo
installing fr.gmo as /app/share/locale/fr/LC_MESSAGES/libsecret.mo
installing fur.gmo as /app/share/locale/fur/LC_MESSAGES/libsecret.mo
installing gl.gmo as /app/share/locale/gl/LC_MESSAGES/libsecret.mo
installing he.gmo as /app/share/locale/he/LC_MESSAGES/libsecret.mo
installing hu.gmo as /app/share/locale/hu/LC_MESSAGES/libsecret.mo
installing id.gmo as /app/share/locale/id/LC_MESSAGES/libsecret.mo
installing it.gmo as /app/share/locale/it/LC_MESSAGES/libsecret.mo
installing ja.gmo as /app/share/locale/ja/LC_MESSAGES/libsecret.mo
installing kk.gmo as /app/share/locale/kk/LC_MESSAGES/libsecret.mo
installing ko.gmo as /app/share/locale/ko/LC_MESSAGES/libsecret.mo
installing lt.gmo as /app/share/locale/lt/LC_MESSAGES/libsecret.mo
installing lv.gmo as /app/share/locale/lv/LC_MESSAGES/libsecret.mo
installing ml.gmo as /app/share/locale/ml/LC_MESSAGES/libsecret.mo
installing nb.gmo as /app/share/locale/nb/LC_MESSAGES/libsecret.mo
installing nl.gmo as /app/share/locale/nl/LC_MESSAGES/libsecret.mo
installing oc.gmo as /app/share/locale/oc/LC_MESSAGES/libsecret.mo
installing pa.gmo as /app/share/locale/pa/LC_MESSAGES/libsecret.mo
installing pl.gmo as /app/share/locale/pl/LC_MESSAGES/libsecret.mo
installing pt.gmo as /app/share/locale/pt/LC_MESSAGES/libsecret.mo
installing pt_BR.gmo as /app/share/locale/pt_BR/LC_MESSAGES/libsecret.mo
installing ro.gmo as /app/share/locale/ro/LC_MESSAGES/libsecret.mo
installing ru.gmo as /app/share/locale/ru/LC_MESSAGES/libsecret.mo
installing sk.gmo as /app/share/locale/sk/LC_MESSAGES/libsecret.mo
installing sl.gmo as /app/share/locale/sl/LC_MESSAGES/libsecret.mo
installing sr.gmo as /app/share/locale/sr/LC_MESSAGES/libsecret.mo
installing sr@latin.gmo as /app/share/locale/sr@latin/LC_MESSAGES/libsecret.mo
installing sv.gmo as /app/share/locale/sv/LC_MESSAGES/libsecret.mo
installing tg.gmo as /app/share/locale/tg/LC_MESSAGES/libsecret.mo
installing tr.gmo as /app/share/locale/tr/LC_MESSAGES/libsecret.mo
installing uk.gmo as /app/share/locale/uk/LC_MESSAGES/libsecret.mo
installing zh_CN.gmo as /app/share/locale/zh_CN/LC_MESSAGES/libsecret.mo
installing zh_HK.gmo as /app/share/locale/zh_HK/LC_MESSAGES/libsecret.mo
installing zh_TW.gmo as /app/share/locale/zh_TW/LC_MESSAGES/libsecret.mo
make[2]: Leaving directory '/run/build/libsecret/po'
Making install in docs/reference/libsecret
make[2]: Entering directory '/run/build/libsecret/docs/reference/libsecret'
make[3]: Entering directory '/run/build/libsecret/docs/reference/libsecret'
make[3]: Nothing to be done for 'install-exec-am'.
 /usr/bin/install -c -m 644 ./html/SecretCollection.html
 /usr/bin/install -c -m 644 ./html/SecretItem.html
 /usr/bin/install -c -m 644 ./html/SecretPrompt.html
 /usr/bin/install -c -m 644 ./html/SecretService.html
 /usr/bin/install -c -m 644 ./html/SecretValue.html
 /usr/bin/install -c -m 644 ./html/annotation-glossary.html
 /usr/bin/install -c -m 644 ./html/c-examples.html
 /usr/bin/install -c -m 644 ./html/c-lookup-example.html
 /usr/bin/install -c -m 644 ./html/c-remove-example.html
 /usr/bin/install -c -m 644 ./html/c-store-example.html
 /usr/bin/install -c -m 644 ./html/complete.html
 /usr/bin/install -c -m 644 ./html/examples.html
 /usr/bin/install -c -m 644 ./html/home.png
 /usr/bin/install -c -m 644 ./html/index.html
 /usr/bin/install -c -m 644 ./html/index.sgml
 /usr/bin/install -c -m 644 ./html/js-examples.html
 /usr/bin/install -c -m 644 ./html/js-lookup-example.html
 /usr/bin/install -c -m 644 ./html/js-remove-example.html
 /usr/bin/install -c -m 644 ./html/js-store-example.html
 /usr/bin/install -c -m 644 ./html/left-insensitive.png
 /usr/bin/install -c -m 644 ./html/left.png
 /usr/bin/install -c -m 644 ./html/libsecret-DBus-Path-Related-Functions.html
 /usr/bin/install -c -m 644 ./html/libsecret-Password-storage.html
 /usr/bin/install -c -m 644 ./html/libsecret-Secret-Attributes.html
 /usr/bin/install -c -m 644 ./html/libsecret-SecretError.html
 /usr/bin/install -c -m 644 ./html/libsecret-SecretSchema.html
 /usr/bin/install -c -m 644 ./html/libsecret.devhelp2
 /usr/bin/install -c -m 644 ./html/migrating-api.html
 /usr/bin/install -c -m 644 ./html/migrating-introduction.html
 /usr/bin/install -c -m 644 ./html/migrating-items.html
 /usr/bin/install -c -m 644 ./html/migrating-keyrings.html
 /usr/bin/install -c -m 644 ./html/migrating-locking.html
 /usr/bin/install -c -m 644 ./html/migrating-memory.html
 /usr/bin/install -c -m 644 ./html/migrating-misc.html
 /usr/bin/install -c -m 644 ./html/migrating-removing.html
 /usr/bin/install -c -m 644 ./html/migrating-schemas.html
 /usr/bin/install -c -m 644 ./html/migrating-searching.html
 /usr/bin/install -c -m 644 ./html/migrating-storing.html
 /usr/bin/install -c -m 644 ./html/migrating.html
 /usr/bin/install -c -m 644 ./html/py-examples.html
 /usr/bin/install -c -m 644 ./html/py-lookup-example.html
 /usr/bin/install -c -m 644 ./html/py-remove-example.html
 /usr/bin/install -c -m 644 ./html/py-store-example.html
 /usr/bin/install -c -m 644 ./html/right-insensitive.png
 /usr/bin/install -c -m 644 ./html/right.png
 /usr/bin/install -c -m 644 ./html/simple.html
 /usr/bin/install -c -m 644 ./html/style.css
 /usr/bin/install -c -m 644 ./html/up-insensitive.png
 /usr/bin/install -c -m 644 ./html/up.png
 /usr/bin/install -c -m 644 ./html/using-c.html
 /usr/bin/install -c -m 644 ./html/using-js.html
 /usr/bin/install -c -m 644 ./html/using-python.html
 /usr/bin/install -c -m 644 ./html/using-vala.html
 /usr/bin/install -c -m 644 ./html/using.html
 /usr/bin/install -c -m 644 ./html/vala-examples.html
 /usr/bin/install -c -m 644 ./html/vala-lookup-example.html
 /usr/bin/install -c -m 644 ./html/vala-remove-example.html
 /usr/bin/install -c -m 644 ./html/vala-store-example.html
make[3]: Leaving directory '/run/build/libsecret/docs/reference/libsecret'
make[2]: Leaving directory '/run/build/libsecret/docs/reference/libsecret'
make[1]: Leaving directory '/run/build/libsecret'
compressing debuginfo in: /home/thomascoldrick/Documents/flatpaks/io.atom.Atom/.flatpak-builder/rofiles/rofiles-QqdaUt/files/bin/secret-tool
processing: /home/thomascoldrick/Documents/flatpaks/io.atom.Atom/.flatpak-builder/rofiles/rofiles-QqdaUt/files/bin/secret-tool
[27] .debug_aranges compressed -> .zdebug_aranges (320 => 116 36.25%)
[28] .debug_info compressed -> .zdebug_info (14484 => 7674 52.98%)
[29] .debug_abbrev compressed -> .zdebug_abbrev (1985 => 704 35.47%)
[30] .debug_line compressed -> .zdebug_line (3687 => 1824 49.47%)
[31] .debug_str compressed -> .zdebug_str (6045 => 2562 42.38%)
[32] .debug_loc compressed -> .zdebug_loc (4992 => 1140 22.84%)
[33] .debug_ranges compressed -> .zdebug_ranges (384 => 126 32.81%)
[36] Updating section string table
stripping /home/thomascoldrick/Documents/flatpaks/io.atom.Atom/.flatpak-builder/rofiles/rofiles-QqdaUt/files/bin/secret-tool to /home/thomascoldrick/Documents/flatpaks/io.atom.Atom/.flatpak-builder/rofiles/rofiles-QqdaUt/files/lib/debug/bin/secret-tool.debug
compressing debuginfo in: /home/thomascoldrick/Documents/flatpaks/io.atom.Atom/.flatpak-builder/rofiles/rofiles-QqdaUt/files/lib/libsecret-1.so.0.0.0
processing: /home/thomascoldrick/Documents/flatpaks/io.atom.Atom/.flatpak-builder/rofiles/rofiles-QqdaUt/files/lib/libsecret-1.so.0.0.0
[25] .debug_aranges compressed -> .zdebug_aranges (1120 => 330 29.46%)
[26] .debug_info compressed -> .zdebug_info (475947 => 222403 46.73%)
[27] .debug_abbrev compressed -> .zdebug_abbrev (23720 => 4036 17.02%)
[28] .debug_line compressed -> .zdebug_line (116199 => 34208 29.44%)
[29] .debug_str compressed -> .zdebug_str (58424 => 13841 23.69%)
[30] .debug_loc compressed -> .zdebug_loc (451692 => 81458 18.03%)
[31] .debug_ranges compressed -> .zdebug_ranges (45984 => 7651 16.64%)
[34] Updating section string table
stripping /home/thomascoldrick/Documents/flatpaks/io.atom.Atom/.flatpak-builder/rofiles/rofiles-QqdaUt/files/lib/libsecret-1.so.0.0.0 to /home/thomascoldrick/Documents/flatpaks/io.atom.Atom/.flatpak-builder/rofiles/rofiles-QqdaUt/files/lib/debug/lib/libsecret-1.so.0.0.0.debug
Committing stage build-libsecret to cache
========================================================================
Building module atom in /home/thomascoldrick/Documents/flatpaks/io.atom.Atom/.flatpak-builder/build/atom-1
========================================================================
Running: ar x atom-amd64.deb
Running: tar -xf data.tar.xz
Running: cp -r usr/* /app
Running: mv /app/bin/atom /app/bin/atom-real
Running: install atom /app/bin
Running: mv /app/bin/apm /app/bin/apm-real
Running: install apm /app/bin
Running: mkdir -p /app/share/icons/hicolor/512x512/apps
Running: mv /app/share/pixmaps/atom.png /app/share/icons/hicolor/512x512/apps
Running: desktop-file-edit --set-key=Exec --set-value='atom %F' /app/share/applications/atom.desktop
Running: install -Dm644 io.atom.Atom.appdata.xml /app/share/appdata/io.atom.Atom.appdata.xml
Running: install pip3 /app/bin
Removing stale python bytecode file files/share/atom/resources/app/apm/node_modules/node-gyp/gyp/pylib/gyp/simple_copy.pyc
Removing stale python bytecode file files/share/atom/resources/app/apm/node_modules/node-gyp/gyp/pylib/gyp/xcode_emulation.pyc
Removing stale python bytecode file files/share/atom/resources/app/apm/node_modules/node-gyp/gyp/pylib/gyp/input.pyc
Removing stale python bytecode file files/share/atom/resources/app/apm/node_modules/node-gyp/gyp/pylib/gyp/__init__.pyc
Removing stale python bytecode file files/share/atom/resources/app/apm/node_modules/node-gyp/gyp/pylib/gyp/common.pyc
Removing stale python bytecode file files/share/atom/resources/app/apm/node_modules/node-gyp/gyp/pylib/gyp/generator/make.pyc
Removing stale python bytecode file files/share/atom/resources/app/apm/node_modules/node-gyp/gyp/pylib/gyp/generator/__init__.pyc
Removing stale python bytecode file files/share/atom/resources/app/apm/src/generator/safemake.pyc
compressing debuginfo in: /home/thomascoldrick/Documents/flatpaks/io.atom.Atom/.flatpak-builder/rofiles/rofiles-QqdaUt/files/share/atom/resources/app/apm/bin/node
processing: /home/thomascoldrick/Documents/flatpaks/io.atom.Atom/.flatpak-builder/rofiles/rofiles-QqdaUt/files/share/atom/resources/app/apm/bin/node
[29] .debug_aranges compressed -> .zdebug_aranges (2928 => 716 24.45%)
[30] .debug_info compressed -> .zdebug_info (346758 => 148442 42.81%)
[31] .debug_abbrev compressed -> .zdebug_abbrev (44812 => 7110 15.87%)
[32] .debug_line compressed -> .zdebug_line (50251 => 22034 43.85%)
[33] .debug_str compressed -> .zdebug_str (32813 => 12284 37.44%)
[34] .debug_loc compressed -> .zdebug_loc (343244 => 68501 19.96%)
[35] .debug_ranges compressed -> .zdebug_ranges (20048 => 4100 20.45%)
[36] Updating section string table
stripping /home/thomascoldrick/Documents/flatpaks/io.atom.Atom/.flatpak-builder/rofiles/rofiles-QqdaUt/files/share/atom/resources/app/apm/bin/node to /home/thomascoldrick/Documents/flatpaks/io.atom.Atom/.flatpak-builder/rofiles/rofiles-QqdaUt/files/lib/debug/share/atom/resources/app/apm/bin/node.debug
compressing debuginfo in: /home/thomascoldrick/Documents/flatpaks/io.atom.Atom/.flatpak-builder/rofiles/rofiles-QqdaUt/files/share/atom/resources/app/apm/node_modules/oniguruma/build/Release/onig_scanner.node
processing: /home/thomascoldrick/Documents/flatpaks/io.atom.Atom/.flatpak-builder/rofiles/rofiles-QqdaUt/files/share/atom/resources/app/apm/node_modules/oniguruma/build/Release/onig_scanner.node
stripping /home/thomascoldrick/Documents/flatpaks/io.atom.Atom/.flatpak-builder/rofiles/rofiles-QqdaUt/files/share/atom/resources/app/apm/node_modules/oniguruma/build/Release/onig_scanner.node to /home/thomascoldrick/Documents/flatpaks/io.atom.Atom/.flatpak-builder/rofiles/rofiles-QqdaUt/files/lib/debug/share/atom/resources/app/apm/node_modules/oniguruma/build/Release/onig_scanner.node.debug
compressing debuginfo in: /home/thomascoldrick/Documents/flatpaks/io.atom.Atom/.flatpak-builder/rofiles/rofiles-QqdaUt/files/share/atom/resources/app/apm/node_modules/git-utils/build/Release/git.node
processing: /home/thomascoldrick/Documents/flatpaks/io.atom.Atom/.flatpak-builder/rofiles/rofiles-QqdaUt/files/share/atom/resources/app/apm/node_modules/git-utils/build/Release/git.node
stripping /home/thomascoldrick/Documents/flatpaks/io.atom.Atom/.flatpak-builder/rofiles/rofiles-QqdaUt/files/share/atom/resources/app/apm/node_modules/git-utils/build/Release/git.node to /home/thomascoldrick/Documents/flatpaks/io.atom.Atom/.flatpak-builder/rofiles/rofiles-QqdaUt/files/lib/debug/share/atom/resources/app/apm/node_modules/git-utils/build/Release/git.node.debug
Committing stage build-atom to cache
Cleaning up
Removing files/share/pixmaps
Removing files/share/lintian/overrides/atom
Removing files/share/lintian/overrides
Removing files/share/lintian
Removing files/share/gtk-doc/html/libsecret-1/vala-store-example.html
Removing files/share/gtk-doc/html/libsecret-1/vala-remove-example.html
Removing files/share/gtk-doc/html/libsecret-1/vala-lookup-example.html
Removing files/share/gtk-doc/html/libsecret-1/vala-examples.html
Removing files/share/gtk-doc/html/libsecret-1/using.html
Removing files/share/gtk-doc/html/libsecret-1/using-vala.html
Removing files/share/gtk-doc/html/libsecret-1/using-python.html
Removing files/share/gtk-doc/html/libsecret-1/using-js.html
Removing files/share/gtk-doc/html/libsecret-1/using-c.html
Removing files/share/gtk-doc/html/libsecret-1/up.png
Removing files/share/gtk-doc/html/libsecret-1/up-insensitive.png
Removing files/share/gtk-doc/html/libsecret-1/style.css
Removing files/share/gtk-doc/html/libsecret-1/simple.html
Removing files/share/gtk-doc/html/libsecret-1/right.png
Removing files/share/gtk-doc/html/libsecret-1/right-insensitive.png
Removing files/share/gtk-doc/html/libsecret-1/py-store-example.html
Removing files/share/gtk-doc/html/libsecret-1/py-remove-example.html
Removing files/share/gtk-doc/html/libsecret-1/py-lookup-example.html
Removing files/share/gtk-doc/html/libsecret-1/py-examples.html
Removing files/share/gtk-doc/html/libsecret-1/migrating.html
Removing files/share/gtk-doc/html/libsecret-1/migrating-storing.html
Removing files/share/gtk-doc/html/libsecret-1/migrating-searching.html
Removing files/share/gtk-doc/html/libsecret-1/migrating-schemas.html
Removing files/share/gtk-doc/html/libsecret-1/migrating-removing.html
Removing files/share/gtk-doc/html/libsecret-1/migrating-misc.html
Removing files/share/gtk-doc/html/libsecret-1/migrating-memory.html
Removing files/share/gtk-doc/html/libsecret-1/migrating-locking.html
Removing files/share/gtk-doc/html/libsecret-1/migrating-keyrings.html
Removing files/share/gtk-doc/html/libsecret-1/migrating-items.html
Removing files/share/gtk-doc/html/libsecret-1/migrating-introduction.html
Removing files/share/gtk-doc/html/libsecret-1/migrating-api.html
Removing files/share/gtk-doc/html/libsecret-1/libsecret-SecretSchema.html
Removing files/share/gtk-doc/html/libsecret-1/libsecret-SecretError.html
Removing files/share/gtk-doc/html/libsecret-1/libsecret-Secret-Attributes.html
Removing files/share/gtk-doc/html/libsecret-1/libsecret-Password-storage.html
Removing files/share/gtk-doc/html/libsecret-1/libsecret-DBus-Path-Related-Functions.html
Removing files/share/gtk-doc/html/libsecret-1/libsecret-1.devhelp2
Removing files/share/gtk-doc/html/libsecret-1/left.png
Removing files/share/gtk-doc/html/libsecret-1/left-insensitive.png
Removing files/share/gtk-doc/html/libsecret-1/js-store-example.html
Removing files/share/gtk-doc/html/libsecret-1/js-remove-example.html
Removing files/share/gtk-doc/html/libsecret-1/js-lookup-example.html
Removing files/share/gtk-doc/html/libsecret-1/js-examples.html
Removing files/share/gtk-doc/html/libsecret-1/index.sgml
Removing files/share/gtk-doc/html/libsecret-1/index.html
Removing files/share/gtk-doc/html/libsecret-1/home.png
Removing files/share/gtk-doc/html/libsecret-1/examples.html
Removing files/share/gtk-doc/html/libsecret-1/complete.html
Removing files/share/gtk-doc/html/libsecret-1/c-store-example.html
Removing files/share/gtk-doc/html/libsecret-1/c-remove-example.html
Removing files/share/gtk-doc/html/libsecret-1/c-lookup-example.html
Removing files/share/gtk-doc/html/libsecret-1/c-examples.html
Removing files/share/gtk-doc/html/libsecret-1/annotation-glossary.html
Removing files/share/gtk-doc/html/libsecret-1/SecretValue.html
Removing files/share/gtk-doc/html/libsecret-1/SecretService.html
Removing files/share/gtk-doc/html/libsecret-1/SecretPrompt.html
Removing files/share/gtk-doc/html/libsecret-1/SecretItem.html
Removing files/share/gtk-doc/html/libsecret-1/SecretCollection.html
Removing files/share/gtk-doc/html/libsecret-1
Removing files/share/gtk-doc/html
Removing files/share/gtk-doc
Removing files/lib/pkgconfig/libsecret-unstable.pc
Removing files/lib/pkgconfig/libsecret-1.pc
Removing files/lib/pkgconfig
Removing files/lib/libsecret-1.la
Removing files/lib/debug/bin/secret-tool.debug
Removing files/lib/debug/bin
Removing files/include/libsecret-1/libsecret/secret.h
Removing files/include/libsecret-1/libsecret/secret-value.h
Removing files/include/libsecret-1/libsecret/secret-types.h
Removing files/include/libsecret-1/libsecret/secret-service.h
Removing files/include/libsecret-1/libsecret/secret-schemas.h
Removing files/include/libsecret-1/libsecret/secret-schema.h
Removing files/include/libsecret-1/libsecret/secret-prompt.h
Removing files/include/libsecret-1/libsecret/secret-paths.h
Removing files/include/libsecret-1/libsecret/secret-password.h
Removing files/include/libsecret-1/libsecret/secret-item.h
Removing files/include/libsecret-1/libsecret/secret-enum-types.h
Removing files/include/libsecret-1/libsecret/secret-collection.h
Removing files/include/libsecret-1/libsecret/secret-attributes.h
Removing files/include/libsecret-1/libsecret
Removing files/include/libsecret-1
Removing files/include
Removing files/bin/secret-tool
Removing files/bin
Renaming atom.desktop to io.atom.Atom.desktop
Renaming icon hicolor/512x512/apps/atom.png to hicolor/512x512/apps/io.atom.Atom.png
Rewriting contents of io.atom.Atom.desktop
Running appstream-compose
Processing application io.atom.Atom
Saving icon /app/share/app-info/icons/flatpak/64x64/io.atom.Atom.png
Saving icon /app/share/app-info/icons/flatpak/128x128/io.atom.Atom.png
Saving AppStream /app/share/app-info/xmls/io.atom.Atom.xml.gz
Done!
Committing stage cleanup to cache
Finishing app
Exporting share/applications/io.atom.Atom.desktop
Exporting share/icons/hicolor/512x512/apps/io.atom.Atom.png
Please review the exported files and the metadata
Committing stage finish to cache
Exporting io.atom.Atom to repo
Commit: f46380e26dcf27115155d3f0b54421ee2a36623e5e146cd12d8f246856d3e8b6
Metadata Total: 8007
Metadata Written: 4
Content Total: 4142
Content Written: 2
Content Bytes Written: 346087 (346.1 kB)
Exporting io.atom.Atom.Debug to repo
Commit: fc51b901c94cb21a609cede3cbf1366eca463d6c44146a97e0a7de5866e37e5b
Metadata Total: 47
Metadata Written: 4
Content Total: 45
Content Written: 1
Content Bytes Written: 455072 (455.1 kB)
Pruning cache
