Emptying app dir 'build'
Downloading sources
Initializing build dir
Committing stage init to cache
Starting build of io.thp.numptyphysics
========================================================================
Building module numptyphysics in /home/thomascoldrick/Documents/flatpaks/io.thp.numptyphysics/.flatpak-builder/build/numptyphysics-1
========================================================================
	SED	mk/main.mk
	SED	platform/sdl2/platform.mk
	CXX	src/JetStream.o
	CXX	src/Scene.o
	CXX	src/Colour.o
	CXX	src/Event.o
	CXX	src/App.o
	CXX	src/Path.o
	CXX	src/Game.o
	CXX	src/Levels.o
	CXX	src/SceneEvent.o
	CXX	src/Ui.o
	CXX	src/I18n.o
	CXX	src/Script.o
	CXX	src/Dialogs.o
	CXX	src/Font.o
	CXX	src/Interactions.o
	CXX	src/Config.o
	CXX	src/Canvas.o
	CXX	src/Os.o
	CXX	src/Stroke.o
	CXX	platform/sdl2/SDL2Renderer.o
	CXX	platform/sdl2/OsSDL2.o
	CXX	platform/gl/GLRenderer.o
	CXX	external/thp/thp_timestep.o
	CXX	external/thp/thp_iterutils.o
platform/gl/GLRenderer.cpp: In copy constructor ‘FloatArray::FloatArray(const FloatArray&)’:
platform/gl/GLRenderer.cpp:58:22: warning: passing argument 1 to restrict-qualified parameter aliases with argument 2 [-Wrestrict]
         memcpy(this->data, data, size);
                ~~~~~~^~~~  ~~~~
	CXX	external/thp/thp_format.o
	CXX	external/tinyxml2/tinyxml2.o
	CXX	external/petals_log/petals_log.o
make -C external/Box2D/Source Gen/float/libbox2d.a
make[1]: Entering directory '/run/build/numptyphysics/external/Box2D/Source'
g++ -g -O2 -c -o Gen/float/./Dynamics/b2Body.o Dynamics/b2Body.cpp
CFLAGS='-O2 -g -fstack-protector-strong' make -C external/glaserl libglaserl.a
make[1]: Entering directory '/run/build/numptyphysics/external/glaserl'
cc -O2 -g -fstack-protector-strong -g -O2 -O2 -D_FORTIFY_SOURCE=2  -c -o glaserl_buffer.o glaserl_buffer.c
cc -O2 -g -fstack-protector-strong -g -O2 -O2 -D_FORTIFY_SOURCE=2  -c -o glaserl_framebuffer.o glaserl_framebuffer.c
cc -O2 -g -fstack-protector-strong -g -O2 -O2 -D_FORTIFY_SOURCE=2  -c -o glaserl_util.o glaserl_util.c
cc -O2 -g -fstack-protector-strong -g -O2 -O2 -D_FORTIFY_SOURCE=2  -c -o glaserl_program.o glaserl_program.c
cc -O2 -g -fstack-protector-strong -g -O2 -O2 -D_FORTIFY_SOURCE=2  -c -o glaserl_texture.o glaserl_texture.c
g++ -g -O2 -c -o Gen/float/./Dynamics/b2Island.o Dynamics/b2Island.cpp
g++ -g -O2 -c -o Gen/float/./Dynamics/b2World.o Dynamics/b2World.cpp
ar rcs libglaserl.a glaserl_buffer.o glaserl_framebuffer.o glaserl_util.o glaserl_program.o glaserl_texture.o
make[1]: Leaving directory '/run/build/numptyphysics/external/glaserl'
g++ -g -O2 -c -o Gen/float/./Dynamics/b2ContactManager.o Dynamics/b2ContactManager.cpp
g++ -g -O2 -c -o Gen/float/./Dynamics/Contacts/b2Contact.o Dynamics/Contacts/b2Contact.cpp
g++ -g -O2 -c -o Gen/float/./Dynamics/Contacts/b2PolyContact.o Dynamics/Contacts/b2PolyContact.cpp
g++ -g -O2 -c -o Gen/float/./Dynamics/Contacts/b2CircleContact.o Dynamics/Contacts/b2CircleContact.cpp
g++ -g -O2 -c -o Gen/float/./Dynamics/Contacts/b2PolyAndCircleContact.o Dynamics/Contacts/b2PolyAndCircleContact.cpp
g++ -g -O2 -c -o Gen/float/./Dynamics/Contacts/b2ContactSolver.o Dynamics/Contacts/b2ContactSolver.cpp
g++ -g -O2 -c -o Gen/float/./Dynamics/b2WorldCallbacks.o Dynamics/b2WorldCallbacks.cpp
g++ -g -O2 -c -o Gen/float/./Dynamics/Joints/b2MouseJoint.o Dynamics/Joints/b2MouseJoint.cpp
g++ -g -O2 -c -o Gen/float/./Dynamics/Joints/b2PulleyJoint.o Dynamics/Joints/b2PulleyJoint.cpp
g++ -g -O2 -c -o Gen/float/./Dynamics/Joints/b2Joint.o Dynamics/Joints/b2Joint.cpp
g++ -g -O2 -c -o Gen/float/./Dynamics/Joints/b2RevoluteJoint.o Dynamics/Joints/b2RevoluteJoint.cpp
g++ -g -O2 -c -o Gen/float/./Dynamics/Joints/b2PrismaticJoint.o Dynamics/Joints/b2PrismaticJoint.cpp
g++ -g -O2 -c -o Gen/float/./Dynamics/Joints/b2DistanceJoint.o Dynamics/Joints/b2DistanceJoint.cpp
g++ -g -O2 -c -o Gen/float/./Dynamics/Joints/b2GearJoint.o Dynamics/Joints/b2GearJoint.cpp
g++ -g -O2 -c -o Gen/float/./Common/b2StackAllocator.o Common/b2StackAllocator.cpp
g++ -g -O2 -c -o Gen/float/./Common/b2Math.o Common/b2Math.cpp
g++ -g -O2 -c -o Gen/float/./Common/b2BlockAllocator.o Common/b2BlockAllocator.cpp
g++ -g -O2 -c -o Gen/float/./Common/b2Settings.o Common/b2Settings.cpp
g++ -g -O2 -c -o Gen/float/./Collision/b2Collision.o Collision/b2Collision.cpp
g++ -g -O2 -c -o Gen/float/./Collision/b2Distance.o Collision/b2Distance.cpp
g++ -g -O2 -c -o Gen/float/./Collision/Shapes/b2Shape.o Collision/Shapes/b2Shape.cpp
g++ -g -O2 -c -o Gen/float/./Collision/Shapes/b2CircleShape.o Collision/Shapes/b2CircleShape.cpp
g++ -g -O2 -c -o Gen/float/./Collision/Shapes/b2PolygonShape.o Collision/Shapes/b2PolygonShape.cpp
g++ -g -O2 -c -o Gen/float/./Collision/b2TimeOfImpact.o Collision/b2TimeOfImpact.cpp
g++ -g -O2 -c -o Gen/float/./Collision/b2PairManager.o Collision/b2PairManager.cpp
g++ -g -O2 -c -o Gen/float/./Collision/b2CollidePoly.o Collision/b2CollidePoly.cpp
g++ -g -O2 -c -o Gen/float/./Collision/b2CollideCircle.o Collision/b2CollideCircle.cpp
g++ -g -O2 -c -o Gen/float/./Collision/b2BroadPhase.o Collision/b2BroadPhase.cpp
ar cr Gen/float/libbox2d.a Gen/float/./Dynamics/b2Body.o Gen/float/./Dynamics/b2Island.o Gen/float/./Dynamics/b2World.o Gen/float/./Dynamics/b2ContactManager.o Gen/float/./Dynamics/Contacts/b2Contact.o Gen/float/./Dynamics/Contacts/b2PolyContact.o Gen/float/./Dynamics/Contacts/b2CircleContact.o Gen/float/./Dynamics/Contacts/b2PolyAndCircleContact.o Gen/float/./Dynamics/Contacts/b2ContactSolver.o Gen/float/./Dynamics/b2WorldCallbacks.o Gen/float/./Dynamics/Joints/b2MouseJoint.o Gen/float/./Dynamics/Joints/b2PulleyJoint.o Gen/float/./Dynamics/Joints/b2Joint.o Gen/float/./Dynamics/Joints/b2RevoluteJoint.o Gen/float/./Dynamics/Joints/b2PrismaticJoint.o Gen/float/./Dynamics/Joints/b2DistanceJoint.o Gen/float/./Dynamics/Joints/b2GearJoint.o Gen/float/./Common/b2StackAllocator.o Gen/float/./Common/b2Math.o Gen/float/./Common/b2BlockAllocator.o Gen/float/./Common/b2Settings.o Gen/float/./Collision/b2Collision.o Gen/float/./Collision/b2Distance.o Gen/float/./Collision/Shapes/b2Shape.o Gen/float/./Collision/Shapes/b2CircleShape.o Gen/float/./Collision/Shapes/b2PolygonShape.o Gen/float/./Collision/b2TimeOfImpact.o Gen/float/./Collision/b2PairManager.o Gen/float/./Collision/b2CollidePoly.o Gen/float/./Collision/b2CollideCircle.o Gen/float/./Collision/b2BroadPhase.o
ranlib Gen/float/libbox2d.a 
make[1]: Leaving directory '/run/build/numptyphysics/external/Box2D/Source'
	LD	numptyphysics
install -D -m 644 platform/freedesktop/numptyphysics.desktop //app/share/applications/numptyphysics.desktop
install -D -m 644 platform/freedesktop/numptyphysics.png //app/share/icons/hicolor/256x256/apps/numptyphysics.png
install -D -m 644 platform/freedesktop/numptyphysics.6 //app/share/man/man6/numptyphysics.6
install -D -m 755 numptyphysics //app/bin/numptyphysics
mkdir -p //app/share/numptyphysics
cp -rpv data //app/share/numptyphysics/
'data' -> '//app/share/numptyphysics/data'
'data/C00_Title' -> '//app/share/numptyphysics/data/C00_Title'
'data/C00_Title/L00_title.npsvg' -> '//app/share/numptyphysics/data/C00_Title/L00_title.npsvg'
'data/C01_Tutorial' -> '//app/share/numptyphysics/data/C01_Tutorial'
'data/C01_Tutorial/L01_tutorial.npsvg' -> '//app/share/numptyphysics/data/C01_Tutorial/L01_tutorial.npsvg'
'data/C01_Tutorial/L02_jetstream.npsvg' -> '//app/share/numptyphysics/data/C01_Tutorial/L02_jetstream.npsvg'
'data/C10_Standard' -> '//app/share/numptyphysics/data/C10_Standard'
'data/C10_Standard/L05_plane_sailing.npsvg' -> '//app/share/numptyphysics/data/C10_Standard/L05_plane_sailing.npsvg'
'data/C10_Standard/L10_the_leap.npsvg' -> '//app/share/numptyphysics/data/C10_Standard/L10_the_leap.npsvg'
'data/C10_Standard/L15_trampoline.npsvg' -> '//app/share/numptyphysics/data/C10_Standard/L15_trampoline.npsvg'
'data/C10_Standard/L30_see_saw.npsvg' -> '//app/share/numptyphysics/data/C10_Standard/L30_see_saw.npsvg'
'data/C10_Standard/L35_pendulum.npsvg' -> '//app/share/numptyphysics/data/C10_Standard/L35_pendulum.npsvg'
'data/C10_Standard/L35_pusher.npsvg' -> '//app/share/numptyphysics/data/C10_Standard/L35_pusher.npsvg'
'data/C10_Standard/L38_box.npsvg' -> '//app/share/numptyphysics/data/C10_Standard/L38_box.npsvg'
'data/C10_Standard/L40_tree_of_life.npsvg' -> '//app/share/numptyphysics/data/C10_Standard/L40_tree_of_life.npsvg'
'data/C10_Standard/L50_nautilus.npsvg' -> '//app/share/numptyphysics/data/C10_Standard/L50_nautilus.npsvg'
'data/C10_Standard/L99_Gravity_Test.npsvg' -> '//app/share/numptyphysics/data/C10_Standard/L99_Gravity_Test.npsvg'
'data/C50_butelo' -> '//app/share/numptyphysics/data/C50_butelo'
'data/C50_butelo/balloons.npsvg' -> '//app/share/numptyphysics/data/C50_butelo/balloons.npsvg'
'data/C50_butelo/basketball.npsvg' -> '//app/share/numptyphysics/data/C50_butelo/basketball.npsvg'
'data/C50_butelo/roller.npsvg' -> '//app/share/numptyphysics/data/C50_butelo/roller.npsvg'
'data/C50_catalyst' -> '//app/share/numptyphysics/data/C50_catalyst'
'data/C50_catalyst/L100j.npsvg' -> '//app/share/numptyphysics/data/C50_catalyst/L100j.npsvg'
'data/C50_catalyst/L101j.npsvg' -> '//app/share/numptyphysics/data/C50_catalyst/L101j.npsvg'
'data/C50_catalyst/L102j.npsvg' -> '//app/share/numptyphysics/data/C50_catalyst/L102j.npsvg'
'data/C50_catalyst/L103j.npsvg' -> '//app/share/numptyphysics/data/C50_catalyst/L103j.npsvg'
'data/C50_catalyst/L104j.npsvg' -> '//app/share/numptyphysics/data/C50_catalyst/L104j.npsvg'
'data/C50_christeck' -> '//app/share/numptyphysics/data/C50_christeck'
'data/C50_christeck/christeck_basic_cubes.npsvg' -> '//app/share/numptyphysics/data/C50_christeck/christeck_basic_cubes.npsvg'
'data/C50_christeck/christeck_block_on_hole.npsvg' -> '//app/share/numptyphysics/data/C50_christeck/christeck_block_on_hole.npsvg'
'data/C50_christeck/christeck_treasure_chest.npsvg' -> '//app/share/numptyphysics/data/C50_christeck/christeck_treasure_chest.npsvg'
'data/C50_christeck/christeck_weird_wheel.npsvg' -> '//app/share/numptyphysics/data/C50_christeck/christeck_weird_wheel.npsvg'
'data/C50_dneary' -> '//app/share/numptyphysics/data/C50_dneary'
'data/C50_dneary/L96.npsvg' -> '//app/share/numptyphysics/data/C50_dneary/L96.npsvg'
'data/C50_dneary/L97.npsvg' -> '//app/share/numptyphysics/data/C50_dneary/L97.npsvg'
'data/C50_dneary/L98.npsvg' -> '//app/share/numptyphysics/data/C50_dneary/L98.npsvg'
'data/C50_gesualdi' -> '//app/share/numptyphysics/data/C50_gesualdi'
'data/C50_gesualdi/AlmostEasy.npsvg' -> '//app/share/numptyphysics/data/C50_gesualdi/AlmostEasy.npsvg'
'data/C50_gesualdi/Bell.npsvg' -> '//app/share/numptyphysics/data/C50_gesualdi/Bell.npsvg'
'data/C50_gesualdi/GarbageCleaner.npsvg' -> '//app/share/numptyphysics/data/C50_gesualdi/GarbageCleaner.npsvg'
'data/C50_gesualdi/GetOutComeIn.npsvg' -> '//app/share/numptyphysics/data/C50_gesualdi/GetOutComeIn.npsvg'
'data/C50_gesualdi/Hanged.npsvg' -> '//app/share/numptyphysics/data/C50_gesualdi/Hanged.npsvg'
'data/C50_gesualdi/Inverse.npsvg' -> '//app/share/numptyphysics/data/C50_gesualdi/Inverse.npsvg'
'data/C50_gesualdi/Packman.npsvg' -> '//app/share/numptyphysics/data/C50_gesualdi/Packman.npsvg'
'data/C50_gnuton' -> '//app/share/numptyphysics/data/C50_gnuton'
'data/C50_gnuton/eyesInTheLake.npsvg' -> '//app/share/numptyphysics/data/C50_gnuton/eyesInTheLake.npsvg'
'data/C50_gudger' -> '//app/share/numptyphysics/data/C50_gudger'
'data/C50_gudger/Bullseye.npsvg' -> '//app/share/numptyphysics/data/C50_gudger/Bullseye.npsvg'
'data/C50_gudger/Playground.npsvg' -> '//app/share/numptyphysics/data/C50_gudger/Playground.npsvg'
'data/C50_gudger/TowerPower.npsvg' -> '//app/share/numptyphysics/data/C50_gudger/TowerPower.npsvg'
'data/C50_guile' -> '//app/share/numptyphysics/data/C50_guile'
'data/C50_guile/CatchMe.npsvg' -> '//app/share/numptyphysics/data/C50_guile/CatchMe.npsvg'
'data/C50_guile/FlytoSun.npsvg' -> '//app/share/numptyphysics/data/C50_guile/FlytoSun.npsvg'
'data/C50_guile/Innardio.npsvg' -> '//app/share/numptyphysics/data/C50_guile/Innardio.npsvg'
'data/C50_guile/Pizza.npsvg' -> '//app/share/numptyphysics/data/C50_guile/Pizza.npsvg'
'data/C50_guile/SqurrelNuts.npsvg' -> '//app/share/numptyphysics/data/C50_guile/SqurrelNuts.npsvg'
'data/C50_hurd' -> '//app/share/numptyphysics/data/C50_hurd'
'data/C50_hurd/breakdown.npsvg' -> '//app/share/numptyphysics/data/C50_hurd/breakdown.npsvg'
'data/C50_hurd/hoist.npsvg' -> '//app/share/numptyphysics/data/C50_hurd/hoist.npsvg'
'data/C50_hurd/hurd1.npsvg' -> '//app/share/numptyphysics/data/C50_hurd/hurd1.npsvg'
'data/C50_ioan' -> '//app/share/numptyphysics/data/C50_ioan'
'data/C50_ioan/ioan1.npsvg' -> '//app/share/numptyphysics/data/C50_ioan/ioan1.npsvg'
'data/C50_ioan/ioan2.npsvg' -> '//app/share/numptyphysics/data/C50_ioan/ioan2.npsvg'
'data/C50_ioan/ioan3.npsvg' -> '//app/share/numptyphysics/data/C50_ioan/ioan3.npsvg'
'data/C50_ioan/ioan4.npsvg' -> '//app/share/numptyphysics/data/C50_ioan/ioan4.npsvg'
'data/C50_ioan/ioan6.npsvg' -> '//app/share/numptyphysics/data/C50_ioan/ioan6.npsvg'
'data/C50_ioan/ioan7.npsvg' -> '//app/share/numptyphysics/data/C50_ioan/ioan7.npsvg'
'data/C50_jhoff80' -> '//app/share/numptyphysics/data/C50_jhoff80'
'data/C50_jhoff80/ManintheMoon.npsvg' -> '//app/share/numptyphysics/data/C50_jhoff80/ManintheMoon.npsvg'
'data/C50_leonet' -> '//app/share/numptyphysics/data/C50_leonet'
'data/C50_leonet/L110ParadiseIsland.npsvg' -> '//app/share/numptyphysics/data/C50_leonet/L110ParadiseIsland.npsvg'
'data/C50_melvin' -> '//app/share/numptyphysics/data/C50_melvin'
'data/C50_melvin/melvin1.npsvg' -> '//app/share/numptyphysics/data/C50_melvin/melvin1.npsvg'
'data/C50_melvin/melvin2.npsvg' -> '//app/share/numptyphysics/data/C50_melvin/melvin2.npsvg'
'data/C50_melvin/melvin3.npsvg' -> '//app/share/numptyphysics/data/C50_melvin/melvin3.npsvg'
'data/C50_noodleman' -> '//app/share/numptyphysics/data/C50_noodleman'
'data/C50_noodleman/Noodle_Grail.npsvg' -> '//app/share/numptyphysics/data/C50_noodleman/Noodle_Grail.npsvg'
'data/C50_noodleman/Noodle_Pegboard1.npsvg' -> '//app/share/numptyphysics/data/C50_noodleman/Noodle_Pegboard1.npsvg'
'data/C50_noodleman/Noodle_Pegboard2.npsvg' -> '//app/share/numptyphysics/data/C50_noodleman/Noodle_Pegboard2.npsvg'
'data/C50_noodleman/Noodle_Pegboard3.npsvg' -> '//app/share/numptyphysics/data/C50_noodleman/Noodle_Pegboard3.npsvg'
'data/C50_noodleman/Noodle_bungee.npsvg' -> '//app/share/numptyphysics/data/C50_noodleman/Noodle_bungee.npsvg'
'data/C50_noodleman/Noodle_menhir.npsvg' -> '//app/share/numptyphysics/data/C50_noodleman/Noodle_menhir.npsvg'
'data/C50_noodleman/Noodle_one.npsvg' -> '//app/share/numptyphysics/data/C50_noodleman/Noodle_one.npsvg'
'data/C50_noodleman/Noodle_rocker.npsvg' -> '//app/share/numptyphysics/data/C50_noodleman/Noodle_rocker.npsvg'
'data/C50_noodleman/Noodle_sea.npsvg' -> '//app/share/numptyphysics/data/C50_noodleman/Noodle_sea.npsvg'
'data/C50_noodleman/Noodle_trapeze.npsvg' -> '//app/share/numptyphysics/data/C50_noodleman/Noodle_trapeze.npsvg'
'data/C50_papky' -> '//app/share/numptyphysics/data/C50_papky'
'data/C50_papky/papky1.npsvg' -> '//app/share/numptyphysics/data/C50_papky/papky1.npsvg'
'data/C50_perli' -> '//app/share/numptyphysics/data/C50_perli'
'data/C50_perli/L02_hammer-tut.npsvg' -> '//app/share/numptyphysics/data/C50_perli/L02_hammer-tut.npsvg'
'data/C50_perli/L03_kickit-tut.npsvg' -> '//app/share/numptyphysics/data/C50_perli/L03_kickit-tut.npsvg'
'data/C50_perli/L11_easterbunny.npsvg' -> '//app/share/numptyphysics/data/C50_perli/L11_easterbunny.npsvg'
'data/C50_qole' -> '//app/share/numptyphysics/data/C50_qole'
'data/C50_qole/L97_saved.npsvg' -> '//app/share/numptyphysics/data/C50_qole/L97_saved.npsvg'
'data/C50_qole/L98_saved.npsvg' -> '//app/share/numptyphysics/data/C50_qole/L98_saved.npsvg'
'data/C50_siminz' -> '//app/share/numptyphysics/data/C50_siminz'
'data/C50_siminz/L02_bridge Gaps tut.npsvg' -> '//app/share/numptyphysics/data/C50_siminz/L02_bridge Gaps tut.npsvg'
'data/C50_siminz/L06_Scribble tut.npsvg' -> '//app/share/numptyphysics/data/C50_siminz/L06_Scribble tut.npsvg'
'data/C50_siminz/L11_Bulldoze.npsvg' -> '//app/share/numptyphysics/data/C50_siminz/L11_Bulldoze.npsvg'
'data/C50_siminz/L12_Caves.npsvg' -> '//app/share/numptyphysics/data/C50_siminz/L12_Caves.npsvg'
'data/C50_siminz/L12_Fix Car.npsvg' -> '//app/share/numptyphysics/data/C50_siminz/L12_Fix Car.npsvg'
'data/C50_siminz/L13_See Saw.npsvg' -> '//app/share/numptyphysics/data/C50_siminz/L13_See Saw.npsvg'
'data/C50_siminz/L16_forest.npsvg' -> '//app/share/numptyphysics/data/C50_siminz/L16_forest.npsvg'
'data/C50_siminz/L18_Elevator.npsvg' -> '//app/share/numptyphysics/data/C50_siminz/L18_Elevator.npsvg'
'data/C50_siminz/L25_Propeller.npsvg' -> '//app/share/numptyphysics/data/C50_siminz/L25_Propeller.npsvg'
'data/C50_siminz/L26_MouseTrap.npsvg' -> '//app/share/numptyphysics/data/C50_siminz/L26_MouseTrap.npsvg'
'data/C50_siminz/L26_Pull_Pins.npsvg' -> '//app/share/numptyphysics/data/C50_siminz/L26_Pull_Pins.npsvg'
'data/C50_siminz/L32_tarzan.npsvg' -> '//app/share/numptyphysics/data/C50_siminz/L32_tarzan.npsvg'
'data/C50_siminz/L34_dump truck.npsvg' -> '//app/share/numptyphysics/data/C50_siminz/L34_dump truck.npsvg'
'data/C50_siminz/L38_Pac_Man.npsvg' -> '//app/share/numptyphysics/data/C50_siminz/L38_Pac_Man.npsvg'
'data/C50_siminz/L39_Square_Roll.npsvg' -> '//app/share/numptyphysics/data/C50_siminz/L39_Square_Roll.npsvg'
'data/C50_siminz/L52_Dominoes.npsvg' -> '//app/share/numptyphysics/data/C50_siminz/L52_Dominoes.npsvg'
'data/C50_siminz/L54_Funnel.npsvg' -> '//app/share/numptyphysics/data/C50_siminz/L54_Funnel.npsvg'
'data/C50_siminz/L56_david.npsvg' -> '//app/share/numptyphysics/data/C50_siminz/L56_david.npsvg'
'data/C50_siminz/L58_Monster.npsvg' -> '//app/share/numptyphysics/data/C50_siminz/L58_Monster.npsvg'
'data/C50_siminz/L60_pulleys.npsvg' -> '//app/share/numptyphysics/data/C50_siminz/L60_pulleys.npsvg'
'data/C50_siminz/L62_Kong.npsvg' -> '//app/share/numptyphysics/data/C50_siminz/L62_Kong.npsvg'
'data/C50_siminz/L63_Roped Rocks.npsvg' -> '//app/share/numptyphysics/data/C50_siminz/L63_Roped Rocks.npsvg'
'data/C50_siminz/L70_Factory.npsvg' -> '//app/share/numptyphysics/data/C50_siminz/L70_Factory.npsvg'
'data/C50_siminz/L80_Bottomless_fall.npsvg' -> '//app/share/numptyphysics/data/C50_siminz/L80_Bottomless_fall.npsvg'
'data/C50_siminz/L80_Dark_Caverns.npsvg' -> '//app/share/numptyphysics/data/C50_siminz/L80_Dark_Caverns.npsvg'
'data/C50_siminz/L80_Desert_Bricks.npsvg' -> '//app/share/numptyphysics/data/C50_siminz/L80_Desert_Bricks.npsvg'
'data/C50_siminz/L80_Invisible_Walls.npsvg' -> '//app/share/numptyphysics/data/C50_siminz/L80_Invisible_Walls.npsvg'
'data/C50_siminz/L80_Lullaby.npsvg' -> '//app/share/numptyphysics/data/C50_siminz/L80_Lullaby.npsvg'
'data/C50_szymanowski' -> '//app/share/numptyphysics/data/C50_szymanowski'
'data/C50_szymanowski/szymanowski1.npsvg' -> '//app/share/numptyphysics/data/C50_szymanowski/szymanowski1.npsvg'
'data/C50_therealbubba' -> '//app/share/numptyphysics/data/C50_therealbubba'
'data/C50_therealbubba/grassy_knoll.npsvg' -> '//app/share/numptyphysics/data/C50_therealbubba/grassy_knoll.npsvg'
'data/C50_therealbubba/surfs_up.npsvg' -> '//app/share/numptyphysics/data/C50_therealbubba/surfs_up.npsvg'
'data/C50_werre' -> '//app/share/numptyphysics/data/C50_werre'
'data/C50_werre/pengu2.npsvg' -> '//app/share/numptyphysics/data/C50_werre/pengu2.npsvg'
'data/C50_werre/rotate.npsvg' -> '//app/share/numptyphysics/data/C50_werre/rotate.npsvg'
'data/C50_zeez' -> '//app/share/numptyphysics/data/C50_zeez'
'data/C50_zeez/hanging.npsvg' -> '//app/share/numptyphysics/data/C50_zeez/hanging.npsvg'
'data/C50_zeez/jungle.npsvg' -> '//app/share/numptyphysics/data/C50_zeez/jungle.npsvg'
'data/C50_zeez/pendulum.npsvg' -> '//app/share/numptyphysics/data/C50_zeez/pendulum.npsvg'
'data/C50_zeez/pusher.npsvg' -> '//app/share/numptyphysics/data/C50_zeez/pusher.npsvg'
'data/C50_zeez/ship.npsvg' -> '//app/share/numptyphysics/data/C50_zeez/ship.npsvg'
'data/M00_Menus' -> '//app/share/numptyphysics/data/M00_Menus'
'data/M00_Menus/Main.npsvg' -> '//app/share/numptyphysics/data/M00_Menus/Main.npsvg'
'data/M00_Menus/Menju.npsvg' -> '//app/share/numptyphysics/data/M00_Menus/Menju.npsvg'
'data/M00_Menus/MenjuX.npsvg' -> '//app/share/numptyphysics/data/M00_Menus/MenjuX.npsvg'
'data/SourceSansPro-Light.ttf' -> '//app/share/numptyphysics/data/SourceSansPro-Light.ttf'
'data/femkeklaver.ttf' -> '//app/share/numptyphysics/data/femkeklaver.ttf'
'data/help_text.html' -> '//app/share/numptyphysics/data/help_text.html'
'data/i18n' -> '//app/share/numptyphysics/data/i18n'
'data/i18n/de' -> '//app/share/numptyphysics/data/i18n/de'
'data/i18n/ru' -> '//app/share/numptyphysics/data/i18n/ru'
'data/icons.png' -> '//app/share/numptyphysics/data/icons.png'
'data/paper.png' -> '//app/share/numptyphysics/data/paper.png'
compressing debuginfo in: /home/thomascoldrick/Documents/flatpaks/io.thp.numptyphysics/.flatpak-builder/rofiles/rofiles-u5Vk1I/files/bin/numptyphysics
processing: /home/thomascoldrick/Documents/flatpaks/io.thp.numptyphysics/.flatpak-builder/rofiles/rofiles-u5Vk1I/files/bin/numptyphysics
[30] .debug_aranges compressed -> .zdebug_aranges (12128 => 2836 23.38%)
[31] .debug_info compressed -> .zdebug_info (4350330 => 2019589 46.42%)
[32] .debug_abbrev compressed -> .zdebug_abbrev (183198 => 36905 20.14%)
[33] .debug_line compressed -> .zdebug_line (612228 => 184829 30.19%)
[34] .debug_str compressed -> .zdebug_str (795780 => 116093 14.59%)
[35] .debug_loc compressed -> .zdebug_loc (2780831 => 392103 14.10%)
[36] .debug_ranges compressed -> .zdebug_ranges (609664 => 75870 12.44%)
[39] Updating section string table
stripping /home/thomascoldrick/Documents/flatpaks/io.thp.numptyphysics/.flatpak-builder/rofiles/rofiles-u5Vk1I/files/bin/numptyphysics to /home/thomascoldrick/Documents/flatpaks/io.thp.numptyphysics/.flatpak-builder/rofiles/rofiles-u5Vk1I/files/lib/debug/bin/numptyphysics.debug
Committing stage build-numptyphysics to cache
Cleaning up
Removing files/share/man/man6/numptyphysics.6
Removing files/share/man/man6
Removing files/share/man
Renaming numptyphysics.desktop to io.thp.numptyphysics.desktop
Renaming icon hicolor/256x256/apps/numptyphysics.png to hicolor/256x256/apps/io.thp.numptyphysics.png
Rewriting contents of io.thp.numptyphysics.desktop
Running appstream-compose
Processing application io.thp.numptyphysics
Saving icon /app/share/app-info/icons/flatpak/64x64/io.thp.numptyphysics.png
Saving icon /app/share/app-info/icons/flatpak/128x128/io.thp.numptyphysics.png
Saving AppStream /app/share/app-info/xmls/io.thp.numptyphysics.xml.gz
Done!
Committing stage cleanup to cache
Finishing app
Exporting share/applications/io.thp.numptyphysics.desktop
Exporting share/icons/hicolor/256x256/apps/io.thp.numptyphysics.png
Using numptyphysics as command
Please review the exported files and the metadata
Committing stage finish to cache
Exporting io.thp.numptyphysics to repo
Commit: 399e23cf4a0365ca8acbef154bec1415799d8b46d518fbc832c1c50034a58a9d
Metadata Total: 109
Metadata Written: 4
Content Total: 133
Content Written: 2
Content Bytes Written: 546263 (546.3 kB)
Exporting io.thp.numptyphysics.Debug to repo
Commit: 82c0577bc6ee7380898709af8712c80f6005f7e758e4ce1b49201bc827d99f5f
Metadata Total: 49
Metadata Written: 4
Content Total: 128
Content Written: 1
Content Bytes Written: 2992968 (3.0 MB)
Pruning cache
